TN:
SF:src/App.tsx
FN:23,App
FNF:1
FNH:0
FNDA:0,App
DA:15,0
DA:24,0
DA:26,0
DA:27,0
DA:30,0
LF:5
LH:0
BRDA:26,0,0,0
BRDA:26,0,1,0
BRDA:37,1,0,0
BRDA:37,1,1,0
BRDA:41,2,0,0
BRDA:41,2,1,0
BRF:6
BRH:0
end_of_record
TN:
SF:src/components/mode-toggle.tsx
FN:5,ModeToggle
FN:12,(anonymous_1)
FNF:2
FNH:0
FNDA:0,ModeToggle
FNDA:0,(anonymous_1)
DA:6,0
DA:8,0
DA:12,0
LF:3
LH:0
BRDA:12,0,0,0
BRDA:12,0,1,0
BRF:2
BRH:0
end_of_record
TN:
SF:src/components/theme-provider.tsx
FN:18,(anonymous_0)
FN:23,ThemeProvider
FN:30,(anonymous_2)
FN:33,(anonymous_3)
FN:51,(anonymous_4)
FN:53,(anonymous_5)
FN:66,(anonymous_6)
FNF:7
FNH:0
FNDA:0,(anonymous_0)
FNDA:0,ThemeProvider
FNDA:0,(anonymous_2)
FNDA:0,(anonymous_3)
FNDA:0,(anonymous_4)
FNDA:0,(anonymous_5)
FNDA:0,(anonymous_6)
DA:16,0
DA:18,0
DA:21,0
DA:29,0
DA:30,0
DA:33,0
DA:34,0
DA:36,0
DA:38,0
DA:39,0
DA:44,0
DA:45,0
DA:48,0
DA:51,0
DA:54,0
DA:55,0
DA:59,0
DA:66,0
DA:67,0
DA:69,0
DA:70,0
DA:72,0
LF:22
LH:0
BRDA:25,0,0,0
BRDA:26,1,0,0
BRDA:30,2,0,0
BRDA:30,2,1,0
BRDA:38,3,0,0
BRDA:38,3,1,0
BRDA:39,4,0,0
BRDA:39,4,1,0
BRDA:69,5,0,0
BRDA:69,5,1,0
BRF:10
BRH:0
end_of_record
TN:
SF:src/components/layout/Header.tsx
FN:10,Header
FN:14,(anonymous_1)
FNF:2
FNH:2
FNDA:2,Header
FNDA:2,(anonymous_1)
DA:11,2
DA:14,2
DA:16,2
LF:3
LH:3
BRDA:14,0,0,2
BRDA:14,0,1,0
BRF:2
BRH:1
end_of_record
TN:
SF:src/components/layout/Sidebar.tsx
FN:20,Sidebar
FN:25,(anonymous_1)
FN:40,(anonymous_2)
FN:50,(anonymous_3)
FN:57,(anonymous_4)
FN:81,(anonymous_5)
FN:95,(anonymous_6)
FNF:7
FNH:5
FNDA:4,Sidebar
FNDA:1,(anonymous_1)
FNDA:1,(anonymous_2)
FNDA:16,(anonymous_3)
FNDA:0,(anonymous_4)
FNDA:1,(anonymous_5)
FNDA:0,(anonymous_6)
DA:8,1
DA:21,4
DA:22,4
DA:23,4
DA:25,4
DA:26,1
DA:27,1
DA:30,4
DA:40,1
DA:51,16
DA:52,16
DA:53,16
DA:57,0
DA:81,1
DA:95,0
LF:15
LH:13
BRDA:33,0,0,4
BRDA:33,0,1,0
BRDA:60,1,0,4
BRDA:60,1,1,12
BRDA:68,2,0,4
BRDA:68,2,1,12
BRF:6
BRH:5
end_of_record
TN:
SF:src/components/ui/button.tsx
FN:39,(anonymous_0)
FNF:1
FNH:1
FNDA:268,(anonymous_0)
DA:6,7
DA:38,7
DA:40,268
DA:41,268
DA:50,7
LF:5
LH:5
BRDA:39,0,0,268
BRDA:40,1,0,16
BRDA:40,1,1,251
BRF:3
BRH:3
end_of_record
TN:
SF:src/components/ui/confirm-modal.tsx
FN:18,ConfirmModal
FN:31,(anonymous_1)
FN:36,(anonymous_2)
FN:37,(anonymous_3)
FN:44,(anonymous_4)
FN:85,(anonymous_5)
FNF:6
FNH:5
FNDA:43,ConfirmModal
FNDA:15,(anonymous_1)
FNDA:40,(anonymous_2)
FNDA:0,(anonymous_3)
FNDA:40,(anonymous_4)
FNDA:1,(anonymous_5)
DA:29,43
DA:31,43
DA:32,15
DA:36,43
DA:37,40
DA:38,0
DA:39,0
DA:43,40
DA:44,40
DA:47,43
DA:49,1
DA:86,1
DA:87,1
LF:13
LH:11
BRDA:22,0,0,43
BRDA:23,1,0,43
BRDA:26,2,0,43
BRDA:27,3,0,43
BRDA:38,4,0,0
BRDA:38,4,1,0
BRDA:38,5,0,0
BRDA:38,5,1,0
BRDA:47,6,0,42
BRDA:47,6,1,1
BRDA:47,7,0,43
BRDA:47,7,1,1
BRDA:83,8,0,1
BRDA:83,8,1,0
BRDA:87,9,0,1
BRDA:87,9,1,0
BRDA:92,10,0,1
BRDA:92,10,1,0
BRDA:97,11,0,0
BRDA:97,11,1,1
BRF:20
BRH:12
end_of_record
TN:
SF:src/components/ui/input.tsx
FN:9,(anonymous_0)
FNF:1
FNH:1
FNDA:161,(anonymous_0)
DA:8,5
DA:10,161
DA:23,5
LF:3
LH:3
BRF:0
BRH:0
end_of_record
TN:
SF:src/components/ui/label.tsx
FN:7,(anonymous_0)
FNF:1
FNH:1
FNDA:176,(anonymous_0)
DA:6,3
DA:8,176
DA:25,3
LF:3
LH:3
BRF:0
BRH:0
end_of_record
TN:
SF:src/components/ui/select.tsx
FN:7,(anonymous_0)
FNF:1
FNH:1
FNDA:30,(anonymous_0)
DA:6,2
DA:8,30
DA:20,2
LF:3
LH:3
BRF:0
BRH:0
end_of_record
TN:
SF:src/components/ui/textarea.tsx
FN:8,(anonymous_0)
FNF:1
FNH:1
FNDA:12,(anonymous_0)
DA:7,1
DA:9,12
DA:21,1
LF:3
LH:3
BRF:0
BRH:0
end_of_record
TN:
SF:src/contexts/SettingsContext.tsx
FN:25,(anonymous_0)
FN:30,SettingsProvider
FN:35,(anonymous_2)
FN:47,(anonymous_3)
FN:48,loadSettings
FN:81,(anonymous_5)
FN:108,(anonymous_6)
FN:117,useSettings
FNF:8
FNH:0
FNDA:0,(anonymous_0)
FNDA:0,SettingsProvider
FNDA:0,(anonymous_2)
FNDA:0,(anonymous_3)
FNDA:0,loadSettings
FNDA:0,(anonymous_5)
FNDA:0,(anonymous_6)
FNDA:0,useSettings
DA:17,0
DA:23,0
DA:25,0
DA:26,0
DA:28,0
DA:31,0
DA:32,0
DA:33,0
DA:35,0
DA:36,0
DA:38,0
DA:39,0
DA:41,0
DA:43,0
DA:44,0
DA:47,0
DA:49,0
DA:50,0
DA:51,0
DA:52,0
DA:55,0
DA:56,0
DA:62,0
DA:64,0
DA:65,0
DA:74,0
DA:78,0
DA:81,0
DA:82,0
DA:84,0
DA:85,0
DA:86,0
DA:89,0
DA:90,0
DA:92,0
DA:93,0
DA:102,0
DA:108,0
DA:110,0
DA:118,0
DA:119,0
DA:120,0
DA:122,0
LF:43
LH:0
BRDA:26,0,0,0
BRDA:26,0,1,0
BRDA:49,1,0,0
BRDA:49,1,1,0
BRDA:62,2,0,0
BRDA:62,2,1,0
BRDA:64,3,0,0
BRDA:64,3,1,0
BRDA:66,4,0,0
BRDA:66,4,1,0
BRDA:67,5,0,0
BRDA:67,5,1,0
BRDA:68,6,0,0
BRDA:68,6,1,0
BRDA:82,7,0,0
BRDA:82,7,1,0
BRDA:85,8,0,0
BRDA:85,8,1,0
BRDA:102,9,0,0
BRDA:102,9,1,0
BRDA:119,10,0,0
BRDA:119,10,1,0
BRF:22
BRH:0
end_of_record
TN:
SF:src/contexts/WorkspaceContext.tsx
FN:20,(anonymous_0)
FN:25,(anonymous_1)
FN:28,(anonymous_2)
FN:66,(anonymous_3)
FN:71,(anonymous_4)
FN:80,(anonymous_5)
FNF:6
FNH:0
FNDA:0,(anonymous_0)
FNDA:0,(anonymous_1)
FNDA:0,(anonymous_2)
FNDA:0,(anonymous_3)
FNDA:0,(anonymous_4)
FNDA:0,(anonymous_5)
DA:18,0
DA:20,0
DA:21,0
DA:22,0
DA:23,0
DA:25,0
DA:26,0
DA:28,0
DA:29,0
DA:30,0
DA:31,0
DA:32,0
DA:34,0
DA:37,0
DA:38,0
DA:45,0
DA:49,0
DA:50,0
DA:51,0
DA:60,0
DA:64,0
DA:66,0
DA:67,0
DA:71,0
DA:73,0
DA:80,0
DA:81,0
DA:82,0
DA:83,0
DA:85,0
LF:30
LH:0
BRDA:29,0,0,0
BRDA:29,0,1,0
BRDA:30,1,0,0
BRDA:30,1,1,0
BRDA:45,2,0,0
BRDA:45,2,1,0
BRDA:45,3,0,0
BRDA:45,3,1,0
BRDA:49,4,0,0
BRDA:49,4,1,0
BRDA:49,5,0,0
BRDA:49,5,1,0
BRDA:53,6,0,0
BRDA:53,6,1,0
BRDA:60,7,0,0
BRDA:60,7,1,0
BRDA:82,8,0,0
BRDA:82,8,1,0
BRF:18
BRH:0
end_of_record
TN:
SF:src/features/auth/LoginFeature.tsx
FN:8,LoginFeature
FN:15,(anonymous_1)
FN:55,(anonymous_2)
FN:67,(anonymous_3)
FNF:4
FNH:4
FNDA:14,LoginFeature
FNDA:2,(anonymous_1)
FNDA:3,(anonymous_2)
FNDA:3,(anonymous_3)
DA:9,14
DA:10,14
DA:11,14
DA:12,14
DA:13,14
DA:15,14
DA:16,2
DA:17,2
DA:18,2
DA:20,2
DA:22,2
DA:23,1
DA:25,1
DA:27,2
DA:30,14
DA:55,3
DA:67,3
LF:17
LH:17
BRDA:22,0,0,1
BRDA:22,0,1,1
BRDA:39,1,0,14
BRDA:39,1,1,1
BRDA:73,2,0,2
BRDA:73,2,1,12
BRF:6
BRH:6
end_of_record
TN:
SF:src/features/auth/RegisterFeature.tsx
FN:8,RegisterFeature
FN:15,(anonymous_1)
FN:58,(anonymous_2)
FN:70,(anonymous_3)
FNF:4
FNH:4
FNDA:14,RegisterFeature
FNDA:2,(anonymous_1)
FNDA:3,(anonymous_2)
FNDA:3,(anonymous_3)
DA:9,14
DA:10,14
DA:11,14
DA:12,14
DA:13,14
DA:15,14
DA:16,2
DA:17,2
DA:18,2
DA:20,2
DA:25,2
DA:26,1
DA:28,1
DA:30,2
DA:33,14
DA:58,3
DA:70,3
LF:17
LH:17
BRDA:25,0,0,1
BRDA:25,0,1,1
BRDA:42,1,0,14
BRDA:42,1,1,1
BRDA:76,2,0,2
BRDA:76,2,1,12
BRF:6
BRH:6
end_of_record
TN:
SF:src/features/auth/useAuth.ts
FN:5,useAuth
FN:10,(anonymous_1)
FN:11,(anonymous_2)
FN:17,(anonymous_3)
FN:23,(anonymous_4)
FNF:5
FNH:0
FNDA:0,useAuth
FNDA:0,(anonymous_1)
FNDA:0,(anonymous_2)
FNDA:0,(anonymous_3)
FNDA:0,(anonymous_4)
DA:6,0
DA:7,0
DA:8,0
DA:10,0
DA:11,0
DA:12,0
DA:13,0
DA:14,0
DA:17,0
DA:18,0
DA:19,0
DA:20,0
DA:23,0
DA:26,0
LF:14
LH:0
BRDA:13,0,0,0
BRDA:13,0,1,0
BRDA:19,1,0,0
BRDA:19,1,1,0
BRF:4
BRH:0
end_of_record
TN:
SF:src/features/dashboard/DashboardFeature.tsx
FN:9,DashboardFeature
FN:16,(anonymous_1)
FN:21,(anonymous_2)
FN:38,(anonymous_3)
FN:41,(anonymous_4)
FN:52,(anonymous_5)
FN:59,(anonymous_6)
FN:62,(anonymous_7)
FN:76,(anonymous_8)
FN:77,(anonymous_9)
FN:80,(anonymous_10)
FN:109,(anonymous_11)
FN:113,(anonymous_12)
FN:114,(anonymous_13)
FN:114,(anonymous_14)
FN:128,(anonymous_15)
FN:132,(anonymous_16)
FN:192,(anonymous_17)
FN:240,(anonymous_18)
FN:255,(anonymous_19)
FN:257,(anonymous_20)
FN:274,(anonymous_21)
FN:277,(anonymous_22)
FN:297,(anonymous_23)
FN:328,(anonymous_24)
FNF:25
FNH:11
FNDA:2,DashboardFeature
FNDA:0,(anonymous_1)
FNDA:0,(anonymous_2)
FNDA:2,(anonymous_3)
FNDA:0,(anonymous_4)
FNDA:2,(anonymous_5)
FNDA:2,(anonymous_6)
FNDA:2,(anonymous_7)
FNDA:2,(anonymous_8)
FNDA:1,(anonymous_9)
FNDA:2,(anonymous_10)
FNDA:0,(anonymous_11)
FNDA:0,(anonymous_12)
FNDA:0,(anonymous_13)
FNDA:0,(anonymous_14)
FNDA:0,(anonymous_15)
FNDA:0,(anonymous_16)
FNDA:2,(anonymous_17)
FNDA:0,(anonymous_18)
FNDA:2,(anonymous_19)
FNDA:0,(anonymous_20)
FNDA:2,(anonymous_21)
FNDA:0,(anonymous_22)
FNDA:0,(anonymous_23)
FNDA:0,(anonymous_24)
DA:10,2
DA:11,2
DA:12,2
DA:13,2
DA:14,2
DA:16,2
DA:17,0
DA:18,0
DA:19,0
DA:20,0
DA:21,0
DA:22,0
DA:30,0
DA:34,0
DA:38,2
DA:39,2
DA:40,0
DA:41,0
DA:42,0
DA:52,2
DA:53,2
DA:56,2
DA:57,2
DA:59,2
DA:62,2
DA:63,2
DA:64,2
DA:65,1
DA:66,0
DA:67,0
DA:68,0
DA:69,2
DA:72,2
DA:76,2
DA:77,2
DA:80,2
DA:81,2
DA:82,2
DA:83,1
DA:84,0
DA:85,0
DA:86,0
DA:89,2
DA:110,0
DA:111,0
DA:113,0
DA:114,0
DA:129,0
DA:133,0
DA:134,0
DA:135,0
DA:193,2
DA:194,0
DA:203,2
DA:204,1
DA:207,1
DA:240,0
DA:256,2
DA:257,0
DA:258,0
DA:266,2
DA:267,1
DA:274,1
DA:275,2
DA:278,0
DA:297,0
DA:328,0
LF:67
LH:35
BRDA:10,0,0,2
BRDA:11,1,0,2
BRDA:19,2,0,0
BRDA:19,2,1,0
BRDA:22,3,0,0
BRDA:22,3,1,0
BRDA:22,3,2,0
BRDA:22,3,3,0
BRDA:22,3,4,0
BRDA:22,3,5,0
BRDA:31,4,0,0
BRDA:31,4,1,0
BRDA:39,5,0,2
BRDA:39,5,1,0
BRDA:42,6,0,0
BRDA:42,6,1,0
BRDA:42,6,2,0
BRDA:42,6,3,0
BRDA:42,6,4,0
BRDA:42,6,5,0
BRDA:64,7,0,1
BRDA:64,7,1,1
BRDA:64,8,0,1
BRDA:64,8,1,1
BRDA:64,9,0,1
BRDA:64,9,1,0
BRDA:65,10,0,1
BRDA:65,10,1,1
BRDA:65,11,0,1
BRDA:65,11,1,1
BRDA:65,12,0,0
BRDA:65,12,1,0
BRDA:66,13,0,0
BRDA:66,13,1,0
BRDA:66,13,2,0
BRDA:66,14,0,0
BRDA:66,14,1,0
BRDA:66,15,0,0
BRDA:66,15,1,0
BRDA:67,16,0,0
BRDA:67,16,1,0
BRDA:67,16,2,0
BRDA:67,16,3,0
BRDA:67,16,4,0
BRDA:67,17,0,0
BRDA:67,17,1,0
BRDA:68,18,0,0
BRDA:68,18,1,0
BRDA:82,19,0,1
BRDA:82,19,1,1
BRDA:83,20,0,1
BRDA:83,20,1,0
BRDA:83,21,0,1
BRDA:83,21,1,1
BRDA:84,22,0,0
BRDA:84,22,1,0
BRDA:84,23,0,0
BRDA:84,23,1,0
BRDA:84,23,2,0
BRDA:85,24,0,0
BRDA:85,24,1,0
BRDA:85,25,0,0
BRDA:85,25,1,0
BRDA:85,25,2,0
BRDA:85,25,3,0
BRDA:85,25,4,0
BRDA:124,26,0,2
BRDA:124,26,1,0
BRDA:124,26,2,0
BRDA:126,27,0,0
BRDA:126,27,1,0
BRDA:144,28,0,0
BRDA:144,28,1,0
BRDA:168,29,0,0
BRDA:168,29,1,2
BRDA:182,30,0,0
BRDA:182,30,1,2
BRDA:193,31,0,0
BRDA:193,31,1,2
BRDA:203,32,0,1
BRDA:203,32,1,1
BRDA:211,33,0,1
BRDA:211,33,1,1
BRDA:212,34,0,2
BRDA:212,34,1,1
BRDA:213,35,0,2
BRDA:213,35,1,0
BRDA:214,36,0,2
BRDA:214,36,1,0
BRDA:215,37,0,2
BRDA:215,37,1,0
BRDA:219,38,0,2
BRDA:219,38,1,1
BRDA:220,39,0,2
BRDA:220,39,1,1
BRDA:221,40,0,2
BRDA:221,40,1,0
BRDA:222,41,0,2
BRDA:222,41,1,0
BRDA:223,42,0,2
BRDA:223,42,1,0
BRDA:256,43,0,0
BRDA:256,43,1,2
BRDA:266,44,0,1
BRDA:266,44,1,1
BRDA:291,45,0,2
BRDA:291,45,1,0
BRDA:294,46,0,2
BRDA:294,46,1,0
BRDA:294,46,2,0
BRF:110
BRH:42
end_of_record
TN:
SF:src/features/documents/DashboardLayoutFeature.tsx
FN:6,DashboardLayoutFeature
FN:19,(anonymous_1)
FN:25,(anonymous_2)
FNF:3
FNH:0
FNDA:0,DashboardLayoutFeature
FNDA:0,(anonymous_1)
FNDA:0,(anonymous_2)
DA:7,0
DA:9,0
DA:19,0
DA:25,0
LF:4
LH:0
BRDA:14,0,0,0
BRDA:14,0,1,0
BRF:2
BRH:0
end_of_record
TN:
SF:src/features/documents/DocumentListFeature.tsx
FN:31,KeywordTagItem
FN:37,(anonymous_1)
FN:48,DocumentListFeature
FN:84,(anonymous_3)
FN:94,(anonymous_4)
FN:95,(anonymous_5)
FN:117,(anonymous_6)
FN:137,(anonymous_7)
FN:138,(anonymous_8)
FN:141,(anonymous_9)
FN:142,(anonymous_10)
FN:142,(anonymous_11)
FN:145,(anonymous_12)
FN:149,(anonymous_13)
FN:157,(anonymous_14)
FN:158,(anonymous_15)
FN:169,(anonymous_16)
FN:170,(anonymous_17)
FN:178,(anonymous_18)
FN:181,(anonymous_19)
FN:188,(anonymous_20)
FN:191,(anonymous_21)
FN:191,(anonymous_22)
FN:192,(anonymous_23)
FN:192,(anonymous_24)
FN:222,(anonymous_25)
FN:223,(anonymous_26)
FN:226,(anonymous_27)
FN:227,(anonymous_28)
FN:227,(anonymous_29)
FN:230,(anonymous_30)
FN:232,(anonymous_31)
FN:233,(anonymous_32)
FN:240,(anonymous_33)
FN:248,(anonymous_34)
FN:252,(anonymous_35)
FN:253,(anonymous_36)
FN:269,(anonymous_37)
FN:275,(anonymous_38)
FN:276,(anonymous_39)
FN:280,(anonymous_40)
FN:282,(anonymous_41)
FN:292,(anonymous_42)
FN:301,(anonymous_43)
FN:305,(anonymous_44)
FN:311,(anonymous_45)
FN:325,(anonymous_46)
FN:328,(anonymous_47)
FN:342,(anonymous_48)
FN:351,(anonymous_49)
FN:355,(anonymous_50)
FN:357,(anonymous_51)
FN:370,(anonymous_52)
FN:376,(anonymous_53)
FN:386,(anonymous_54)
FN:410,(anonymous_55)
FN:410,(anonymous_56)
FN:429,(anonymous_57)
FN:435,(anonymous_58)
FN:440,(anonymous_59)
FN:441,(anonymous_60)
FN:458,(anonymous_61)
FN:476,(anonymous_62)
FN:481,(anonymous_63)
FN:481,(anonymous_64)
FN:506,(anonymous_65)
FN:510,(anonymous_66)
FN:521,(anonymous_67)
FN:535,(anonymous_68)
FN:544,(anonymous_69)
FN:546,(anonymous_70)
FN:555,(anonymous_71)
FN:556,(anonymous_72)
FN:557,(anonymous_73)
FN:577,(anonymous_74)
FN:592,(anonymous_75)
FN:606,(anonymous_76)
FN:628,(anonymous_77)
FN:631,(anonymous_78)
FN:640,(anonymous_79)
FN:647,(anonymous_80)
FN:648,(anonymous_81)
FN:649,(anonymous_82)
FN:656,(anonymous_83)
FN:728,(anonymous_84)
FN:736,(anonymous_85)
FN:748,(anonymous_86)
FN:772,(anonymous_87)
FN:791,(anonymous_88)
FN:799,(anonymous_89)
FN:814,(anonymous_90)
FN:839,(anonymous_91)
FN:854,(anonymous_92)
FN:879,(anonymous_93)
FN:884,(anonymous_94)
FN:896,(anonymous_95)
FN:903,(anonymous_96)
FN:909,(anonymous_97)
FN:915,(anonymous_98)
FN:922,(anonymous_99)
FN:931,(anonymous_100)
FN:941,(anonymous_101)
FN:949,(anonymous_102)
FN:958,(anonymous_103)
FNF:104
FNH:28
FNDA:0,KeywordTagItem
FNDA:0,(anonymous_1)
FNDA:19,DocumentListFeature
FNDA:6,(anonymous_3)
FNDA:0,(anonymous_4)
FNDA:0,(anonymous_5)
FNDA:6,(anonymous_6)
FNDA:0,(anonymous_7)
FNDA:0,(anonymous_8)
FNDA:0,(anonymous_9)
FNDA:0,(anonymous_10)
FNDA:0,(anonymous_11)
FNDA:13,(anonymous_12)
FNDA:13,(anonymous_13)
FNDA:0,(anonymous_14)
FNDA:0,(anonymous_15)
FNDA:6,(anonymous_16)
FNDA:0,(anonymous_17)
FNDA:6,(anonymous_18)
FNDA:0,(anonymous_19)
FNDA:0,(anonymous_20)
FNDA:0,(anonymous_21)
FNDA:0,(anonymous_22)
FNDA:0,(anonymous_23)
FNDA:0,(anonymous_24)
FNDA:0,(anonymous_25)
FNDA:0,(anonymous_26)
FNDA:0,(anonymous_27)
FNDA:0,(anonymous_28)
FNDA:0,(anonymous_29)
FNDA:0,(anonymous_30)
FNDA:0,(anonymous_31)
FNDA:0,(anonymous_32)
FNDA:0,(anonymous_33)
FNDA:7,(anonymous_34)
FNDA:7,(anonymous_35)
FNDA:7,(anonymous_36)
FNDA:0,(anonymous_37)
FNDA:6,(anonymous_38)
FNDA:6,(anonymous_39)
FNDA:6,(anonymous_40)
FNDA:6,(anonymous_41)
FNDA:7,(anonymous_42)
FNDA:0,(anonymous_43)
FNDA:0,(anonymous_44)
FNDA:8,(anonymous_45)
FNDA:0,(anonymous_46)
FNDA:0,(anonymous_47)
FNDA:0,(anonymous_48)
FNDA:2,(anonymous_49)
FNDA:0,(anonymous_50)
FNDA:0,(anonymous_51)
FNDA:1,(anonymous_52)
FNDA:0,(anonymous_53)
FNDA:1,(anonymous_54)
FNDA:0,(anonymous_55)
FNDA:0,(anonymous_56)
FNDA:0,(anonymous_57)
FNDA:0,(anonymous_58)
FNDA:0,(anonymous_59)
FNDA:0,(anonymous_60)
FNDA:1,(anonymous_61)
FNDA:0,(anonymous_62)
FNDA:36,(anonymous_63)
FNDA:18,(anonymous_64)
FNDA:0,(anonymous_65)
FNDA:0,(anonymous_66)
FNDA:0,(anonymous_67)
FNDA:16,(anonymous_68)
FNDA:1,(anonymous_69)
FNDA:1,(anonymous_70)
FNDA:0,(anonymous_71)
FNDA:0,(anonymous_72)
FNDA:0,(anonymous_73)
FNDA:0,(anonymous_74)
FNDA:0,(anonymous_75)
FNDA:0,(anonymous_76)
FNDA:16,(anonymous_77)
FNDA:32,(anonymous_78)
FNDA:0,(anonymous_79)
FNDA:0,(anonymous_80)
FNDA:0,(anonymous_81)
FNDA:0,(anonymous_82)
FNDA:16,(anonymous_83)
FNDA:0,(anonymous_84)
FNDA:0,(anonymous_85)
FNDA:0,(anonymous_86)
FNDA:0,(anonymous_87)
FNDA:0,(anonymous_88)
FNDA:0,(anonymous_89)
FNDA:0,(anonymous_90)
FNDA:0,(anonymous_91)
FNDA:0,(anonymous_92)
FNDA:0,(anonymous_93)
FNDA:0,(anonymous_94)
FNDA:0,(anonymous_95)
FNDA:0,(anonymous_96)
FNDA:0,(anonymous_97)
FNDA:0,(anonymous_98)
FNDA:0,(anonymous_99)
FNDA:0,(anonymous_100)
FNDA:0,(anonymous_101)
FNDA:0,(anonymous_102)
FNDA:0,(anonymous_103)
DA:32,0
DA:38,0
DA:39,0
DA:49,19
DA:50,19
DA:51,19
DA:52,19
DA:54,19
DA:55,19
DA:56,19
DA:57,19
DA:58,19
DA:60,19
DA:61,19
DA:64,19
DA:65,19
DA:66,19
DA:67,19
DA:68,19
DA:69,19
DA:72,19
DA:73,19
DA:74,19
DA:78,19
DA:79,19
DA:80,19
DA:81,19
DA:84,19
DA:85,6
DA:86,6
DA:88,6
DA:89,0
DA:91,0
DA:92,0
DA:94,0
DA:95,0
DA:96,0
DA:97,0
DA:98,0
DA:99,0
DA:101,0
DA:103,0
DA:106,0
DA:109,0
DA:110,0
DA:114,0
DA:117,19
DA:118,6
DA:119,0
DA:120,0
DA:121,0
DA:126,19
DA:127,19
DA:128,19
DA:129,19
DA:130,19
DA:131,19
DA:132,19
DA:133,19
DA:134,19
DA:135,19
DA:137,19
DA:138,0
DA:141,19
DA:142,0
DA:145,19
DA:146,13
DA:147,13
DA:149,13
DA:153,19
DA:154,19
DA:155,19
DA:157,19
DA:158,0
DA:159,0
DA:160,0
DA:161,0
DA:162,0
DA:164,0
DA:166,0
DA:169,19
DA:170,6
DA:171,0
DA:172,0
DA:173,0
DA:177,6
DA:178,6
DA:181,19
DA:183,0
DA:184,0
DA:185,0
DA:188,19
DA:189,0
DA:190,0
DA:191,0
DA:192,0
DA:195,0
DA:196,0
DA:197,0
DA:201,0
DA:202,0
DA:207,0
DA:210,0
DA:211,0
DA:212,0
DA:213,0
DA:215,0
DA:216,0
DA:218,0
DA:222,19
DA:223,0
DA:226,19
DA:227,0
DA:230,19
DA:231,0
DA:232,0
DA:233,0
DA:234,0
DA:236,0
DA:240,19
DA:241,0
DA:242,0
DA:244,0
DA:247,19
DA:248,7
DA:252,19
DA:253,7
DA:254,7
DA:256,7
DA:264,7
DA:266,7
DA:268,7
DA:269,0
DA:271,7
DA:275,19
DA:276,6
DA:277,6
DA:280,19
DA:281,6
DA:282,6
DA:284,6
DA:288,19
DA:292,19
DA:293,7
DA:294,0
DA:295,0
DA:297,0
DA:298,0
DA:299,0
DA:301,0
DA:302,0
DA:305,0
DA:308,19
DA:311,19
DA:313,8
DA:319,19
DA:326,0
DA:327,0
DA:328,0
DA:330,0
DA:331,0
DA:343,0
DA:344,0
DA:352,2
DA:356,0
DA:357,0
DA:358,0
DA:370,1
DA:376,0
DA:387,1
DA:388,1
DA:410,0
DA:429,0
DA:436,0
DA:440,0
DA:441,0
DA:459,1
DA:460,1
DA:461,1
DA:463,0
DA:476,0
DA:481,36
DA:482,18
DA:506,0
DA:510,0
DA:522,0
DA:536,16
DA:545,1
DA:546,1
DA:547,1
DA:555,0
DA:556,0
DA:558,0
DA:559,0
DA:578,0
DA:579,0
DA:580,0
DA:593,0
DA:594,0
DA:607,0
DA:608,0
DA:629,16
DA:632,32
DA:640,0
DA:647,0
DA:648,0
DA:650,0
DA:651,0
DA:657,16
DA:658,16
DA:659,0
DA:665,16
DA:666,0
DA:672,16
DA:673,0
DA:679,16
DA:680,0
DA:686,16
DA:728,0
DA:737,0
DA:738,0
DA:739,0
DA:740,0
DA:741,0
DA:742,0
DA:748,0
DA:773,0
DA:774,0
DA:775,0
DA:791,0
DA:800,0
DA:801,0
DA:815,0
DA:816,0
DA:839,0
DA:854,0
DA:880,0
DA:881,0
DA:884,0
DA:896,0
DA:903,0
DA:909,0
DA:915,0
DA:923,0
DA:924,0
DA:931,0
DA:942,0
DA:943,0
DA:949,0
DA:959,0
DA:960,0
LF:251
LH:105
BRDA:38,0,0,0
BRDA:38,0,1,0
BRDA:54,1,0,19
BRDA:55,2,0,19
BRDA:56,3,0,19
BRDA:57,4,0,19
BRDA:88,5,0,6
BRDA:88,5,1,0
BRDA:88,6,0,6
BRDA:88,6,1,6
BRDA:89,7,0,0
BRDA:89,7,1,0
BRDA:89,8,0,0
BRDA:89,8,1,0
BRDA:91,9,0,0
BRDA:91,9,1,0
BRDA:94,10,0,0
BRDA:96,11,0,0
BRDA:96,11,1,0
BRDA:98,12,0,0
BRDA:98,12,1,0
BRDA:109,13,0,0
BRDA:109,13,1,0
BRDA:118,14,0,0
BRDA:118,14,1,6
BRDA:127,15,0,19
BRDA:127,15,1,18
BRDA:146,16,0,0
BRDA:146,16,1,13
BRDA:155,17,0,19
BRDA:155,17,1,16
BRDA:157,18,0,0
BRDA:159,19,0,0
BRDA:159,19,1,0
BRDA:161,20,0,0
BRDA:161,20,1,0
BRDA:171,21,0,0
BRDA:171,21,1,0
BRDA:172,22,0,0
BRDA:172,22,1,0
BRDA:197,23,0,0
BRDA:197,23,1,0
BRDA:201,24,0,0
BRDA:201,24,1,0
BRDA:207,25,0,0
BRDA:207,25,1,0
BRDA:227,26,0,0
BRDA:227,26,1,0
BRDA:231,27,0,0
BRDA:231,27,1,0
BRDA:241,28,0,0
BRDA:241,28,1,0
BRDA:248,29,0,1
BRDA:248,29,1,6
BRDA:256,30,0,7
BRDA:256,30,1,1
BRDA:256,30,2,1
BRDA:256,30,3,1
BRDA:256,30,4,1
BRDA:256,30,5,1
BRDA:264,31,0,7
BRDA:264,31,1,0
BRDA:264,31,2,0
BRDA:268,32,0,7
BRDA:268,32,1,0
BRDA:271,33,0,7
BRDA:271,33,1,6
BRDA:271,33,2,6
BRDA:288,34,0,16
BRDA:288,34,1,2
BRDA:288,35,0,19
BRDA:288,35,1,16
BRDA:288,35,2,0
BRDA:293,36,0,7
BRDA:293,36,1,0
BRDA:295,37,0,0
BRDA:295,37,1,0
BRDA:308,38,0,19
BRDA:308,38,1,2
BRDA:308,38,2,16
BRDA:323,39,0,19
BRDA:323,39,1,2
BRDA:326,40,0,0
BRDA:326,40,1,0
BRDA:374,41,0,19
BRDA:374,41,1,0
BRDA:415,42,0,18
BRDA:415,42,1,0
BRDA:422,43,0,19
BRDA:422,43,1,0
BRDA:460,44,0,1
BRDA:460,44,1,0
BRDA:489,45,0,19
BRDA:489,45,1,18
BRDA:489,45,2,18
BRDA:489,45,3,2
BRDA:489,45,4,16
BRDA:501,46,0,16
BRDA:501,46,1,0
BRDA:504,47,0,0
BRDA:504,47,1,0
BRDA:521,48,0,19
BRDA:521,48,1,18
BRDA:521,48,2,0
BRDA:535,49,0,19
BRDA:535,49,1,18
BRDA:535,49,2,18
BRDA:535,49,3,16
BRDA:555,50,0,0
BRDA:555,50,1,0
BRDA:559,51,0,0
BRDA:559,51,1,0
BRDA:623,52,0,2
BRDA:623,52,1,16
BRDA:623,53,0,19
BRDA:623,53,1,18
BRDA:623,53,2,18
BRDA:623,53,3,2
BRDA:625,54,0,0
BRDA:625,54,1,2
BRDA:635,55,0,0
BRDA:635,55,1,16
BRDA:647,56,0,0
BRDA:647,56,1,0
BRDA:651,57,0,0
BRDA:651,57,1,0
BRDA:657,58,0,16
BRDA:657,58,1,16
BRDA:658,59,0,0
BRDA:658,59,1,16
BRDA:665,60,0,0
BRDA:665,60,1,16
BRDA:665,61,0,16
BRDA:665,61,1,16
BRDA:672,62,0,0
BRDA:672,62,1,16
BRDA:672,63,0,16
BRDA:672,63,1,16
BRDA:672,63,2,16
BRDA:679,64,0,0
BRDA:679,64,1,16
BRDA:679,65,0,16
BRDA:679,65,1,16
BRDA:679,65,2,16
BRDA:679,65,3,16
BRDA:679,65,4,16
BRDA:695,66,0,16
BRDA:695,66,1,16
BRDA:709,67,0,16
BRDA:709,67,1,0
BRDA:715,68,0,16
BRDA:715,68,1,0
BRDA:722,69,0,16
BRDA:722,69,1,0
BRDA:723,70,0,16
BRDA:723,70,1,0
BRDA:728,71,0,0
BRDA:728,71,1,16
BRDA:728,72,0,16
BRDA:728,72,1,14
BRDA:728,72,2,0
BRDA:733,73,0,16
BRDA:733,73,1,16
BRDA:733,73,2,14
BRDA:733,73,3,0
BRDA:733,73,4,0
BRDA:738,74,0,0
BRDA:738,74,1,0
BRDA:752,75,0,16
BRDA:752,75,1,0
BRDA:834,76,0,19
BRDA:834,76,1,0
BRDA:880,77,0,0
BRDA:880,77,1,0
BRDA:891,78,0,0
BRDA:891,78,1,18
BRDA:892,79,0,0
BRDA:892,79,1,18
BRDA:893,80,0,0
BRDA:893,80,1,18
BRDA:916,81,0,19
BRDA:916,81,1,18
BRDA:917,82,0,19
BRDA:917,82,1,18
BRDA:932,83,0,19
BRDA:932,83,1,18
BRDA:933,84,0,19
BRDA:933,84,1,18
BRDA:934,85,0,19
BRDA:934,85,1,18
BRDA:950,86,0,19
BRDA:950,86,1,18
BRDA:951,87,0,19
BRDA:951,87,1,18
BRDA:952,88,0,19
BRDA:952,88,1,18
BRF:196
BRH:109
end_of_record
TN:
SF:src/features/documents/api/createDocument.ts
FN:3,(anonymous_0)
FNF:1
FNH:0
FNDA:0,(anonymous_0)
DA:3,0
DA:11,0
DA:12,0
DA:13,0
DA:16,0
DA:29,0
DA:30,0
DA:33,0
LF:8
LH:0
BRDA:12,0,0,0
BRDA:12,0,1,0
BRDA:12,1,0,0
BRDA:12,1,1,0
BRDA:20,2,0,0
BRDA:20,2,1,0
BRDA:21,3,0,0
BRDA:21,3,1,0
BRDA:22,4,0,0
BRDA:22,4,1,0
BRDA:29,5,0,0
BRDA:29,5,1,0
BRF:12
BRH:0
end_of_record
TN:
SF:src/features/documents/api/drive.ts
FN:10,(anonymous_0)
FN:30,(anonymous_1)
FN:46,(anonymous_2)
FN:62,(anonymous_3)
FNF:4
FNH:4
FNDA:4,(anonymous_0)
FNDA:3,(anonymous_1)
FNDA:1,(anonymous_2)
FNDA:2,(anonymous_3)
DA:10,1
DA:11,4
DA:12,4
DA:14,4
DA:15,4
DA:16,1
DA:19,2
DA:20,2
DA:21,1
DA:24,1
DA:26,1
DA:30,1
DA:31,3
DA:35,3
DA:36,1
DA:39,2
DA:40,1
DA:43,1
DA:46,1
DA:47,1
DA:51,1
DA:52,0
DA:55,1
DA:56,0
DA:59,1
DA:62,1
DA:63,2
LF:27
LH:25
BRDA:15,0,0,1
BRDA:15,0,1,3
BRDA:20,1,0,1
BRDA:20,1,1,1
BRDA:35,2,0,1
BRDA:35,2,1,2
BRDA:36,3,0,1
BRDA:36,3,1,0
BRDA:39,4,0,1
BRDA:39,4,1,1
BRDA:43,5,0,1
BRDA:43,5,1,0
BRDA:51,6,0,0
BRDA:51,6,1,1
BRDA:52,7,0,0
BRDA:52,7,1,0
BRDA:55,8,0,0
BRDA:55,8,1,1
BRF:18
BRH:12
end_of_record
TN:
SF:src/features/documents/api/folders.ts
FN:12,(anonymous_0)
FN:38,(anonymous_1)
FN:58,(anonymous_2)
FN:83,(anonymous_3)
FN:106,(anonymous_4)
FN:125,(anonymous_5)
FN:142,(anonymous_6)
FN:169,(anonymous_7)
FN:194,(anonymous_8)
FN:195,(anonymous_9)
FN:204,(anonymous_10)
FN:207,(anonymous_11)
FN:218,(anonymous_12)
FN:229,(anonymous_13)
FNF:14
FNH:14
FNDA:2,(anonymous_0)
FNDA:1,(anonymous_1)
FNDA:2,(anonymous_2)
FNDA:2,(anonymous_3)
FNDA:1,(anonymous_4)
FNDA:1,(anonymous_5)
FNDA:2,(anonymous_6)
FNDA:1,(anonymous_7)
FNDA:1,(anonymous_8)
FNDA:1,(anonymous_9)
FNDA:1,(anonymous_10)
FNDA:1,(anonymous_11)
FNDA:1,(anonymous_12)
FNDA:1,(anonymous_13)
DA:12,1
DA:13,2
DA:19,2
DA:20,0
DA:23,2
DA:24,1
DA:26,1
DA:29,2
DA:31,2
DA:32,1
DA:35,1
DA:38,1
DA:39,1
DA:45,1
DA:46,1
DA:49,1
DA:51,1
DA:52,0
DA:55,1
DA:58,1
DA:60,2
DA:61,2
DA:62,1
DA:65,1
DA:76,1
DA:77,0
DA:80,1
DA:83,1
DA:87,2
DA:88,1
DA:96,2
DA:101,2
DA:102,0
DA:106,1
DA:107,1
DA:112,1
DA:113,0
DA:116,1
DA:118,1
DA:119,0
DA:122,1
DA:125,1
DA:126,1
DA:131,1
DA:132,0
DA:135,1
DA:137,1
DA:138,0
DA:142,1
DA:143,2
DA:144,1
DA:147,1
DA:152,1
DA:153,0
DA:169,1
DA:170,1
DA:176,1
DA:182,1
DA:183,0
DA:184,0
DA:187,1
DA:188,1
DA:190,1
DA:191,1
DA:193,1
DA:194,1
DA:195,1
DA:204,1
DA:207,1
DA:208,1
DA:213,1
DA:214,0
DA:218,1
DA:219,1
DA:224,1
DA:225,0
DA:229,1
DA:230,1
DA:232,1
DA:233,0
LF:80
LH:66
BRDA:12,0,0,2
BRDA:19,1,0,0
BRDA:19,1,1,2
BRDA:23,2,0,1
BRDA:23,2,1,1
BRDA:31,3,0,1
BRDA:31,3,1,1
BRDA:35,4,0,1
BRDA:35,4,1,0
BRDA:45,5,0,1
BRDA:45,5,1,0
BRDA:51,6,0,0
BRDA:51,6,1,1
BRDA:55,7,0,1
BRDA:55,7,1,0
BRDA:61,8,0,1
BRDA:61,8,1,1
BRDA:61,9,0,2
BRDA:61,9,1,2
BRDA:69,10,0,1
BRDA:69,10,1,1
BRDA:76,11,0,0
BRDA:76,11,1,1
BRDA:87,12,0,1
BRDA:87,12,1,1
BRDA:101,13,0,0
BRDA:101,13,1,2
BRDA:112,14,0,0
BRDA:112,14,1,1
BRDA:118,15,0,0
BRDA:118,15,1,1
BRDA:131,16,0,0
BRDA:131,16,1,1
BRDA:137,17,0,0
BRDA:137,17,1,1
BRDA:143,18,0,1
BRDA:143,18,1,1
BRDA:152,19,0,0
BRDA:152,19,1,1
BRDA:182,20,0,0
BRDA:182,20,1,1
BRDA:188,21,0,0
BRDA:188,21,1,1
BRDA:191,22,0,0
BRDA:191,22,1,1
BRDA:194,23,0,1
BRDA:194,23,1,0
BRDA:195,24,0,1
BRDA:195,24,1,0
BRDA:213,25,0,0
BRDA:213,25,1,1
BRDA:224,26,0,0
BRDA:224,26,1,1
BRDA:232,27,0,0
BRDA:232,27,1,1
BRF:55
BRH:35
end_of_record
TN:
SF:src/features/documents/api/getDocument.ts
FN:4,(anonymous_0)
FNF:1
FNH:0
FNDA:0,(anonymous_0)
DA:4,0
DA:5,0
DA:11,0
DA:12,0
DA:15,0
LF:5
LH:0
BRDA:11,0,0,0
BRDA:11,0,1,0
BRF:2
BRH:0
end_of_record
TN:
SF:src/features/documents/api/getDocuments.ts
FN:18,(anonymous_0)
FNF:1
FNH:0
FNDA:0,(anonymous_0)
DA:18,0
DA:19,0
DA:25,0
DA:26,0
DA:29,0
DA:30,0
DA:31,0
DA:33,0
DA:37,0
DA:39,0
DA:40,0
DA:43,0
LF:12
LH:0
BRDA:18,0,0,0
BRDA:25,1,0,0
BRDA:25,1,1,0
BRDA:29,2,0,0
BRDA:29,2,1,0
BRDA:30,3,0,0
BRDA:30,3,1,0
BRDA:39,4,0,0
BRDA:39,4,1,0
BRDA:43,5,0,0
BRDA:43,5,1,0
BRF:11
BRH:0
end_of_record
TN:
SF:src/features/documents/components/CreateFolderModal.tsx
FN:15,CreateFolderModal
FN:22,(anonymous_1)
FN:26,(anonymous_2)
FN:27,(anonymous_3)
FN:34,(anonymous_4)
FN:39,(anonymous_5)
FN:93,(anonymous_6)
FNF:7
FNH:0
FNDA:0,CreateFolderModal
FNDA:0,(anonymous_1)
FNDA:0,(anonymous_2)
FNDA:0,(anonymous_3)
FNDA:0,(anonymous_4)
FNDA:0,(anonymous_5)
FNDA:0,(anonymous_6)
DA:16,0
DA:17,0
DA:18,0
DA:19,0
DA:20,0
DA:22,0
DA:23,0
DA:26,0
DA:27,0
DA:28,0
DA:29,0
DA:33,0
DA:34,0
DA:37,0
DA:39,0
DA:40,0
DA:41,0
DA:43,0
DA:44,0
DA:45,0
DA:48,0
DA:49,0
DA:50,0
DA:55,0
DA:56,0
DA:58,0
DA:62,0
DA:93,0
LF:28
LH:0
BRDA:28,0,0,0
BRDA:28,0,1,0
BRDA:28,1,0,0
BRDA:28,1,1,0
BRDA:37,2,0,0
BRDA:37,2,1,0
BRDA:37,3,0,0
BRDA:37,3,1,0
BRDA:43,4,0,0
BRDA:43,4,1,0
BRDA:49,5,0,0
BRDA:49,5,1,0
BRDA:58,6,0,0
BRDA:58,6,1,0
BRDA:96,7,0,0
BRDA:96,7,1,0
BRDA:115,8,0,0
BRDA:115,8,1,0
BRF:18
BRH:0
end_of_record
TN:
SF:src/features/documents/components/DeleteFolderModal.tsx
FN:14,DeleteFolderModal
FN:20,(anonymous_1)
FN:24,(anonymous_2)
FN:25,(anonymous_3)
FN:32,(anonymous_4)
FN:36,(anonymous_5)
FN:45,(anonymous_6)
FN:87,(anonymous_7)
FNF:8
FNH:0
FNDA:0,DeleteFolderModal
FNDA:0,(anonymous_1)
FNDA:0,(anonymous_2)
FNDA:0,(anonymous_3)
FNDA:0,(anonymous_4)
FNDA:0,(anonymous_5)
FNDA:0,(anonymous_6)
FNDA:0,(anonymous_7)
DA:15,0
DA:16,0
DA:17,0
DA:18,0
DA:20,0
DA:21,0
DA:24,0
DA:25,0
DA:26,0
DA:27,0
DA:31,0
DA:32,0
DA:36,0
DA:37,0
DA:38,0
DA:39,0
DA:43,0
DA:45,0
DA:46,0
DA:47,0
DA:48,0
DA:49,0
DA:51,0
DA:55,0
DA:87,0
LF:25
LH:0
BRDA:26,0,0,0
BRDA:26,0,1,0
BRDA:26,1,0,0
BRDA:26,1,1,0
BRDA:37,2,0,0
BRDA:37,2,1,0
BRDA:43,3,0,0
BRDA:43,3,1,0
BRDA:43,4,0,0
BRDA:43,4,1,0
BRDA:43,4,2,0
BRDA:51,5,0,0
BRDA:51,5,1,0
BRDA:103,6,0,0
BRDA:103,6,1,0
BRDA:120,7,0,0
BRDA:120,7,1,0
BRF:17
BRH:0
end_of_record
TN:
SF:src/features/documents/components/DocumentModal.tsx
FN:28,FolderSelector
FN:39,(anonymous_1)
FN:48,(anonymous_2)
FN:54,(anonymous_3)
FN:72,(anonymous_4)
FN:75,(anonymous_5)
FN:88,(anonymous_6)
FN:99,(anonymous_7)
FN:104,(anonymous_8)
FN:130,DocumentModal
FN:156,(anonymous_10)
FN:161,(anonymous_11)
FN:192,(anonymous_12)
FN:193,(anonymous_13)
FN:200,(anonymous_14)
FN:204,(anonymous_15)
FN:206,(anonymous_16)
FN:213,(anonymous_17)
FN:307,(anonymous_18)
FN:346,(anonymous_19)
FN:358,(anonymous_20)
FN:369,(anonymous_21)
FN:381,(anonymous_22)
FN:391,(anonymous_23)
FN:403,(anonymous_24)
FN:415,(anonymous_25)
FN:434,(anonymous_26)
FNF:27
FNH:14
FNDA:12,FolderSelector
FNDA:2,(anonymous_1)
FNDA:0,(anonymous_2)
FNDA:1,(anonymous_3)
FNDA:0,(anonymous_4)
FNDA:0,(anonymous_5)
FNDA:0,(anonymous_6)
FNDA:1,(anonymous_7)
FNDA:1,(anonymous_8)
FNDA:17,DocumentModal
FNDA:5,(anonymous_10)
FNDA:5,(anonymous_11)
FNDA:5,(anonymous_12)
FNDA:0,(anonymous_13)
FNDA:5,(anonymous_14)
FNDA:5,(anonymous_15)
FNDA:0,(anonymous_16)
FNDA:1,(anonymous_17)
FNDA:0,(anonymous_18)
FNDA:2,(anonymous_19)
FNDA:0,(anonymous_20)
FNDA:0,(anonymous_21)
FNDA:0,(anonymous_22)
FNDA:0,(anonymous_23)
FNDA:0,(anonymous_24)
FNDA:0,(anonymous_25)
FNDA:1,(anonymous_26)
DA:33,12
DA:34,0
DA:37,12
DA:39,2
DA:41,12
DA:48,0
DA:54,1
DA:72,0
DA:76,0
DA:77,0
DA:78,0
DA:88,0
DA:100,1
DA:104,1
DA:131,17
DA:132,17
DA:133,17
DA:134,17
DA:135,17
DA:136,17
DA:137,17
DA:138,17
DA:139,17
DA:140,17
DA:141,17
DA:142,17
DA:144,17
DA:145,17
DA:146,17
DA:147,17
DA:148,17
DA:151,17
DA:154,17
DA:156,17
DA:157,5
DA:161,17
DA:162,5
DA:163,5
DA:164,5
DA:166,1
DA:167,1
DA:168,1
DA:169,1
DA:170,1
DA:171,1
DA:172,1
DA:173,1
DA:174,1
DA:175,1
DA:176,4
DA:178,4
DA:179,4
DA:180,4
DA:181,4
DA:182,4
DA:183,4
DA:184,4
DA:185,4
DA:186,4
DA:187,4
DA:192,17
DA:193,5
DA:194,0
DA:195,0
DA:199,5
DA:200,5
DA:204,17
DA:205,5
DA:206,0
DA:207,0
DA:211,17
DA:213,12
DA:214,1
DA:215,1
DA:217,1
DA:219,1
DA:221,1
DA:236,1
DA:240,1
DA:241,0
DA:243,1
DA:244,1
DA:245,1
DA:249,1
DA:252,12
DA:253,12
DA:254,1
DA:255,11
DA:256,1
DA:259,12
DA:307,0
DA:346,2
DA:358,0
DA:369,0
DA:381,0
DA:391,0
DA:403,0
DA:415,0
DA:434,1
LF:99
LH:80
BRDA:33,0,0,0
BRDA:33,0,1,12
BRDA:37,1,0,10
BRDA:37,1,1,2
BRDA:39,2,0,2
BRDA:39,2,1,0
BRDA:43,3,0,12
BRDA:43,3,1,1
BRDA:55,4,0,1
BRDA:55,4,1,11
BRDA:63,5,0,12
BRDA:63,5,1,1
BRDA:76,6,0,0
BRDA:76,6,1,0
BRDA:87,7,0,1
BRDA:87,7,1,0
BRDA:93,8,0,1
BRDA:93,8,1,1
BRDA:103,9,0,0
BRDA:103,9,1,1
BRDA:111,10,0,1
BRDA:111,10,1,0
BRDA:111,10,2,0
BRDA:151,11,0,17
BRDA:151,11,1,15
BRDA:154,12,0,17
BRDA:162,13,0,5
BRDA:162,13,1,0
BRDA:164,14,0,1
BRDA:164,14,1,4
BRDA:164,15,0,5
BRDA:164,15,1,1
BRDA:166,16,0,1
BRDA:166,16,1,0
BRDA:167,17,0,1
BRDA:167,17,1,1
BRDA:168,18,0,1
BRDA:168,18,1,1
BRDA:169,19,0,1
BRDA:169,19,1,0
BRDA:170,20,0,1
BRDA:170,20,1,0
BRDA:171,21,0,1
BRDA:171,21,1,1
BRDA:172,22,0,1
BRDA:172,22,1,1
BRDA:173,23,0,1
BRDA:173,23,1,1
BRDA:174,24,0,1
BRDA:174,24,1,1
BRDA:175,25,0,1
BRDA:175,25,1,0
BRDA:176,26,0,4
BRDA:176,26,1,0
BRDA:187,27,0,4
BRDA:187,27,1,4
BRDA:194,28,0,0
BRDA:194,28,1,0
BRDA:194,29,0,0
BRDA:194,29,1,0
BRDA:205,30,0,5
BRDA:205,30,1,0
BRDA:211,31,0,5
BRDA:211,31,1,12
BRDA:211,32,0,17
BRDA:211,32,1,17
BRDA:215,33,0,0
BRDA:215,33,1,1
BRDA:219,34,0,1
BRDA:219,34,1,0
BRDA:223,35,0,1
BRDA:223,35,1,1
BRDA:224,36,0,1
BRDA:224,36,1,1
BRDA:225,37,0,1
BRDA:225,37,1,0
BRDA:226,38,0,1
BRDA:226,38,1,1
BRDA:227,39,0,1
BRDA:227,39,1,1
BRDA:228,40,0,1
BRDA:228,40,1,1
BRDA:236,41,0,0
BRDA:236,41,1,1
BRDA:240,42,0,0
BRDA:240,42,1,1
BRDA:253,43,0,1
BRDA:253,43,1,11
BRDA:255,44,0,1
BRDA:255,44,1,10
BRDA:272,45,0,1
BRDA:272,45,1,11
BRDA:275,46,0,1
BRDA:275,46,1,11
BRDA:289,47,0,0
BRDA:289,47,1,12
BRDA:458,48,0,17
BRDA:458,48,1,11
BRF:98
BRH:73
end_of_record
TN:
SF:src/features/documents/components/ImportDriveModal.tsx
FN:19,ImportDriveModal
FN:35,(anonymous_1)
FN:39,(anonymous_2)
FN:49,(anonymous_3)
FN:50,(anonymous_4)
FN:57,(anonymous_5)
FN:62,(anonymous_6)
FN:71,(anonymous_7)
FN:80,(anonymous_8)
FN:81,(anonymous_9)
FN:94,(anonymous_10)
FN:108,(anonymous_11)
FN:119,(anonymous_12)
FN:155,(anonymous_13)
FN:170,(anonymous_14)
FN:182,(anonymous_15)
FN:202,(anonymous_16)
FN:235,(anonymous_17)
FN:239,(anonymous_18)
FN:258,(anonymous_19)
FN:283,(anonymous_20)
FNF:21
FNH:0
FNDA:0,ImportDriveModal
FNDA:0,(anonymous_1)
FNDA:0,(anonymous_2)
FNDA:0,(anonymous_3)
FNDA:0,(anonymous_4)
FNDA:0,(anonymous_5)
FNDA:0,(anonymous_6)
FNDA:0,(anonymous_7)
FNDA:0,(anonymous_8)
FNDA:0,(anonymous_9)
FNDA:0,(anonymous_10)
FNDA:0,(anonymous_11)
FNDA:0,(anonymous_12)
FNDA:0,(anonymous_13)
FNDA:0,(anonymous_14)
FNDA:0,(anonymous_15)
FNDA:0,(anonymous_16)
FNDA:0,(anonymous_17)
FNDA:0,(anonymous_18)
FNDA:0,(anonymous_19)
FNDA:0,(anonymous_20)
DA:20,0
DA:21,0
DA:22,0
DA:25,0
DA:26,0
DA:27,0
DA:28,0
DA:29,0
DA:30,0
DA:33,0
DA:35,0
DA:36,0
DA:39,0
DA:40,0
DA:41,0
DA:42,0
DA:43,0
DA:44,0
DA:45,0
DA:49,0
DA:50,0
DA:51,0
DA:52,0
DA:56,0
DA:57,0
DA:60,0
DA:62,0
DA:63,0
DA:64,0
DA:65,0
DA:66,0
DA:67,0
DA:68,0
DA:71,0
DA:72,0
DA:73,0
DA:74,0
DA:75,0
DA:76,0
DA:79,0
DA:80,0
DA:81,0
DA:82,0
DA:83,0
DA:85,0
DA:88,0
DA:90,0
DA:94,0
DA:95,0
DA:97,0
DA:99,0
DA:100,0
DA:101,0
DA:104,0
DA:105,0
DA:108,0
DA:109,0
DA:111,0
DA:112,0
DA:113,0
DA:114,0
DA:116,0
DA:117,0
DA:119,0
DA:120,0
DA:122,0
DA:128,0
DA:129,0
DA:131,0
DA:134,0
DA:135,0
DA:136,0
DA:138,0
DA:144,0
DA:145,0
DA:150,0
DA:152,0
DA:153,0
DA:155,0
DA:156,0
DA:160,0
DA:161,0
DA:162,0
DA:164,0
DA:168,0
DA:170,0
DA:182,0
DA:203,0
DA:204,0
DA:236,0
DA:239,0
DA:259,0
DA:260,0
DA:283,0
LF:94
LH:0
BRDA:40,0,0,0
BRDA:40,0,1,0
BRDA:51,1,0,0
BRDA:51,1,1,0
BRDA:51,2,0,0
BRDA:51,2,1,0
BRDA:51,2,2,0
BRDA:51,2,3,0
BRDA:60,3,0,0
BRDA:60,3,1,0
BRDA:60,4,0,0
BRDA:60,4,1,0
BRDA:74,5,0,0
BRDA:74,5,1,0
BRDA:74,6,0,0
BRDA:74,6,1,0
BRDA:75,7,0,0
BRDA:75,7,1,0
BRDA:75,8,0,0
BRDA:75,8,1,0
BRDA:82,9,0,0
BRDA:82,9,1,0
BRDA:95,10,0,0
BRDA:95,10,1,0
BRDA:99,11,0,0
BRDA:99,11,1,0
BRDA:109,12,0,0
BRDA:109,12,1,0
BRDA:109,13,0,0
BRDA:109,13,1,0
BRDA:120,14,0,0
BRDA:120,14,1,0
BRDA:134,15,0,0
BRDA:134,15,1,0
BRDA:170,16,0,0
BRDA:170,16,1,0
BRDA:170,16,2,0
BRDA:171,17,0,0
BRDA:171,17,1,0
BRDA:182,18,0,0
BRDA:182,18,1,0
BRDA:182,18,2,0
BRDA:184,19,0,0
BRDA:184,19,1,0
BRDA:206,20,0,0
BRDA:206,20,1,0
BRDA:212,21,0,0
BRDA:212,21,1,0
BRDA:212,21,2,0
BRDA:215,22,0,0
BRDA:215,22,1,0
BRDA:225,23,0,0
BRDA:225,23,1,0
BRDA:233,24,0,0
BRDA:233,24,1,0
BRDA:237,25,0,0
BRDA:237,25,1,0
BRDA:239,26,0,0
BRDA:239,26,1,0
BRDA:239,26,2,0
BRDA:240,27,0,0
BRDA:240,27,1,0
BRDA:250,28,0,0
BRDA:250,28,1,0
BRDA:253,29,0,0
BRDA:253,29,1,0
BRDA:263,30,0,0
BRDA:263,30,1,0
BRDA:273,31,0,0
BRDA:273,31,1,0
BRDA:273,31,2,0
BRDA:277,32,0,0
BRDA:277,32,1,0
BRDA:277,32,2,0
BRDA:261,33,0,0
BRDA:261,33,1,0
BRDA:297,34,0,0
BRDA:297,34,1,0
BRDA:315,35,0,0
BRDA:315,35,1,0
BRDA:323,36,0,0
BRDA:323,36,1,0
BRDA:326,37,0,0
BRDA:326,37,1,0
BRF:84
BRH:0
end_of_record
TN:
SF:src/features/documents/components/MoveDocumentModal.tsx
FN:16,MoveDocumentModal
FN:23,(anonymous_1)
FN:28,(anonymous_2)
FN:35,(anonymous_3)
FN:36,(anonymous_4)
FN:43,(anonymous_5)
FN:48,(anonymous_6)
FN:103,(anonymous_7)
FN:107,(anonymous_8)
FNF:9
FNH:0
FNDA:0,MoveDocumentModal
FNDA:0,(anonymous_1)
FNDA:0,(anonymous_2)
FNDA:0,(anonymous_3)
FNDA:0,(anonymous_4)
FNDA:0,(anonymous_5)
FNDA:0,(anonymous_6)
FNDA:0,(anonymous_7)
FNDA:0,(anonymous_8)
DA:17,0
DA:18,0
DA:19,0
DA:20,0
DA:21,0
DA:23,0
DA:24,0
DA:28,0
DA:29,0
DA:30,0
DA:31,0
DA:35,0
DA:36,0
DA:37,0
DA:38,0
DA:42,0
DA:43,0
DA:46,0
DA:48,0
DA:49,0
DA:50,0
DA:52,0
DA:54,0
DA:55,0
DA:56,0
DA:59,0
DA:60,0
DA:61,0
DA:63,0
DA:67,0
DA:103,0
DA:108,0
LF:32
LH:0
BRDA:17,0,0,0
BRDA:29,1,0,0
BRDA:29,1,1,0
BRDA:30,2,0,0
BRDA:30,2,1,0
BRDA:37,3,0,0
BRDA:37,3,1,0
BRDA:37,4,0,0
BRDA:37,4,1,0
BRDA:46,5,0,0
BRDA:46,5,1,0
BRDA:46,6,0,0
BRDA:46,6,1,0
BRDA:46,6,2,0
BRDA:52,7,0,0
BRDA:52,7,1,0
BRDA:54,8,0,0
BRDA:54,8,1,0
BRDA:63,9,0,0
BRDA:63,9,1,0
BRDA:97,10,0,0
BRDA:97,10,1,0
BRDA:109,11,0,0
BRDA:109,11,1,0
BRDA:114,12,0,0
BRDA:114,12,1,0
BRDA:131,13,0,0
BRDA:131,13,1,0
BRDA:133,14,0,0
BRDA:133,14,1,0
BRF:30
BRH:0
end_of_record
TN:
SF:src/features/documents/components/MoveFolderModal.tsx
FN:16,MoveFolderModal
FN:23,(anonymous_1)
FN:28,(anonymous_2)
FN:35,(anonymous_3)
FN:36,(anonymous_4)
FN:43,(anonymous_5)
FN:48,(anonymous_6)
FN:69,(anonymous_7)
FN:107,(anonymous_8)
FN:111,(anonymous_9)
FNF:10
FNH:0
FNDA:0,MoveFolderModal
FNDA:0,(anonymous_1)
FNDA:0,(anonymous_2)
FNDA:0,(anonymous_3)
FNDA:0,(anonymous_4)
FNDA:0,(anonymous_5)
FNDA:0,(anonymous_6)
FNDA:0,(anonymous_7)
FNDA:0,(anonymous_8)
FNDA:0,(anonymous_9)
DA:17,0
DA:18,0
DA:19,0
DA:20,0
DA:21,0
DA:23,0
DA:24,0
DA:28,0
DA:29,0
DA:30,0
DA:31,0
DA:35,0
DA:36,0
DA:37,0
DA:38,0
DA:42,0
DA:43,0
DA:46,0
DA:48,0
DA:49,0
DA:50,0
DA:52,0
DA:54,0
DA:55,0
DA:56,0
DA:59,0
DA:60,0
DA:61,0
DA:63,0
DA:69,0
DA:71,0
DA:107,0
DA:112,0
LF:33
LH:0
BRDA:17,0,0,0
BRDA:29,1,0,0
BRDA:29,1,1,0
BRDA:30,2,0,0
BRDA:30,2,1,0
BRDA:37,3,0,0
BRDA:37,3,1,0
BRDA:37,4,0,0
BRDA:37,4,1,0
BRDA:46,5,0,0
BRDA:46,5,1,0
BRDA:46,6,0,0
BRDA:46,6,1,0
BRDA:46,6,2,0
BRDA:52,7,0,0
BRDA:52,7,1,0
BRDA:54,8,0,0
BRDA:54,8,1,0
BRDA:63,9,0,0
BRDA:63,9,1,0
BRDA:101,10,0,0
BRDA:101,10,1,0
BRDA:113,11,0,0
BRDA:113,11,1,0
BRDA:118,12,0,0
BRDA:118,12,1,0
BRDA:135,13,0,0
BRDA:135,13,1,0
BRDA:137,14,0,0
BRDA:137,14,1,0
BRF:30
BRH:0
end_of_record
TN:
SF:src/features/documents/components/MoveMultipleModal.tsx
FN:19,MoveMultipleModal
FN:28,(anonymous_1)
FN:32,(anonymous_2)
FN:39,(anonymous_3)
FN:40,(anonymous_4)
FN:47,(anonymous_5)
FN:52,(anonymous_6)
FN:66,(anonymous_7)
FN:66,(anonymous_8)
FN:67,(anonymous_9)
FN:67,(anonymous_10)
FN:92,(anonymous_11)
FN:92,(anonymous_12)
FN:93,(anonymous_13)
FN:97,(anonymous_14)
FN:109,(anonymous_15)
FN:132,(anonymous_16)
FN:137,(anonymous_17)
FNF:18
FNH:0
FNDA:0,MoveMultipleModal
FNDA:0,(anonymous_1)
FNDA:0,(anonymous_2)
FNDA:0,(anonymous_3)
FNDA:0,(anonymous_4)
FNDA:0,(anonymous_5)
FNDA:0,(anonymous_6)
FNDA:0,(anonymous_7)
FNDA:0,(anonymous_8)
FNDA:0,(anonymous_9)
FNDA:0,(anonymous_10)
FNDA:0,(anonymous_11)
FNDA:0,(anonymous_12)
FNDA:0,(anonymous_13)
FNDA:0,(anonymous_14)
FNDA:0,(anonymous_15)
FNDA:0,(anonymous_16)
FNDA:0,(anonymous_17)
DA:20,0
DA:21,0
DA:22,0
DA:23,0
DA:24,0
DA:25,0
DA:26,0
DA:28,0
DA:29,0
DA:32,0
DA:33,0
DA:34,0
DA:35,0
DA:39,0
DA:40,0
DA:41,0
DA:42,0
DA:46,0
DA:47,0
DA:50,0
DA:52,0
DA:53,0
DA:54,0
DA:55,0
DA:57,0
DA:59,0
DA:60,0
DA:61,0
DA:62,0
DA:65,0
DA:66,0
DA:67,0
DA:69,0
DA:71,0
DA:72,0
DA:75,0
DA:76,0
DA:79,0
DA:81,0
DA:82,0
DA:83,0
DA:85,0
DA:87,0
DA:92,0
DA:93,0
DA:95,0
DA:97,0
DA:109,0
DA:132,0
DA:138,0
LF:50
LH:0
BRDA:20,0,0,0
BRDA:33,1,0,0
BRDA:33,1,1,0
BRDA:34,2,0,0
BRDA:34,2,1,0
BRDA:41,3,0,0
BRDA:41,3,1,0
BRDA:41,4,0,0
BRDA:41,4,1,0
BRDA:41,4,2,0
BRDA:50,5,0,0
BRDA:50,5,1,0
BRDA:50,6,0,0
BRDA:50,6,1,0
BRDA:50,6,2,0
BRDA:57,7,0,0
BRDA:57,7,1,0
BRDA:59,8,0,0
BRDA:59,8,1,0
BRDA:85,9,0,0
BRDA:85,9,1,0
BRDA:97,10,0,0
BRDA:97,10,1,0
BRDA:104,11,0,0
BRDA:104,11,1,0
BRDA:109,12,0,0
BRDA:109,12,1,0
BRDA:118,13,0,0
BRDA:118,13,1,0
BRDA:118,14,0,0
BRDA:118,14,1,0
BRDA:126,15,0,0
BRDA:126,15,1,0
BRDA:139,16,0,0
BRDA:139,16,1,0
BRDA:144,17,0,0
BRDA:144,17,1,0
BRDA:161,18,0,0
BRDA:161,18,1,0
BRDA:163,19,0,0
BRDA:163,19,1,0
BRF:41
BRH:0
end_of_record
TN:
SF:src/features/documents/components/RenameFolderModal.tsx
FN:15,RenameFolderModal
FN:21,(anonymous_1)
FN:25,(anonymous_2)
FN:34,(anonymous_3)
FN:35,(anonymous_4)
FN:42,(anonymous_5)
FN:47,(anonymous_6)
FN:100,(anonymous_7)
FNF:8
FNH:0
FNDA:0,RenameFolderModal
FNDA:0,(anonymous_1)
FNDA:0,(anonymous_2)
FNDA:0,(anonymous_3)
FNDA:0,(anonymous_4)
FNDA:0,(anonymous_5)
FNDA:0,(anonymous_6)
FNDA:0,(anonymous_7)
DA:16,0
DA:17,0
DA:18,0
DA:19,0
DA:21,0
DA:22,0
DA:25,0
DA:26,0
DA:27,0
DA:29,0
DA:30,0
DA:34,0
DA:35,0
DA:36,0
DA:37,0
DA:41,0
DA:42,0
DA:45,0
DA:47,0
DA:48,0
DA:49,0
DA:51,0
DA:52,0
DA:53,0
DA:56,0
DA:57,0
DA:58,0
DA:61,0
DA:62,0
DA:63,0
DA:65,0
DA:69,0
DA:100,0
LF:33
LH:0
BRDA:26,0,0,0
BRDA:26,0,1,0
BRDA:36,1,0,0
BRDA:36,1,1,0
BRDA:36,2,0,0
BRDA:36,2,1,0
BRDA:45,3,0,0
BRDA:45,3,1,0
BRDA:45,4,0,0
BRDA:45,4,1,0
BRDA:45,4,2,0
BRDA:51,5,0,0
BRDA:51,5,1,0
BRDA:56,6,0,0
BRDA:56,6,1,0
BRDA:65,7,0,0
BRDA:65,7,1,0
BRDA:103,8,0,0
BRDA:103,8,1,0
BRDA:122,9,0,0
BRDA:122,9,1,0
BRF:21
BRH:0
end_of_record
TN:
SF:src/features/documents/hooks/useDocument.ts
FN:4,(anonymous_0)
FN:7,(anonymous_1)
FNF:2
FNH:0
FNDA:0,(anonymous_0)
FNDA:0,(anonymous_1)
DA:4,0
DA:5,0
DA:7,0
LF:3
LH:0
BRF:0
BRH:0
end_of_record
TN:
SF:src/features/documents/hooks/useDocuments.ts
FN:4,(anonymous_0)
FN:7,(anonymous_1)
FNF:2
FNH:0
FNDA:0,(anonymous_0)
FNDA:0,(anonymous_1)
DA:4,0
DA:5,0
DA:7,0
LF:3
LH:0
BRDA:4,0,0,0
BRF:1
BRH:0
end_of_record
TN:
SF:src/features/documents/hooks/useFolders.ts
FN:4,(anonymous_0)
FN:7,(anonymous_1)
FN:11,(anonymous_2)
FN:14,(anonymous_3)
FN:18,(anonymous_4)
FN:22,(anonymous_5)
FN:29,(anonymous_6)
FN:32,(anonymous_7)
FN:33,(anonymous_8)
FN:40,(anonymous_9)
FN:43,(anonymous_10)
FN:44,(anonymous_11)
FN:50,(anonymous_12)
FN:53,(anonymous_13)
FN:54,(anonymous_14)
FN:60,(anonymous_15)
FN:63,(anonymous_16)
FN:64,(anonymous_17)
FNF:18
FNH:0
FNDA:0,(anonymous_0)
FNDA:0,(anonymous_1)
FNDA:0,(anonymous_2)
FNDA:0,(anonymous_3)
FNDA:0,(anonymous_4)
FNDA:0,(anonymous_5)
FNDA:0,(anonymous_6)
FNDA:0,(anonymous_7)
FNDA:0,(anonymous_8)
FNDA:0,(anonymous_9)
FNDA:0,(anonymous_10)
FNDA:0,(anonymous_11)
FNDA:0,(anonymous_12)
FNDA:0,(anonymous_13)
FNDA:0,(anonymous_14)
FNDA:0,(anonymous_15)
FNDA:0,(anonymous_16)
FNDA:0,(anonymous_17)
DA:4,0
DA:5,0
DA:7,0
DA:11,0
DA:12,0
DA:14,0
DA:18,0
DA:19,0
DA:20,0
DA:23,0
DA:24,0
DA:29,0
DA:30,0
DA:31,0
DA:32,0
DA:34,0
DA:35,0
DA:40,0
DA:41,0
DA:42,0
DA:43,0
DA:45,0
DA:50,0
DA:51,0
DA:52,0
DA:53,0
DA:55,0
DA:60,0
DA:61,0
DA:62,0
DA:63,0
DA:65,0
LF:32
LH:0
BRDA:4,0,0,0
BRDA:23,1,0,0
BRDA:23,1,1,0
BRF:3
BRH:0
end_of_record
TN:
SF:src/features/settings/SettingsFeature.tsx
FN:6,SettingsFeature
FN:13,(anonymous_1)
FN:18,(anonymous_2)
FN:30,(anonymous_3)
FN:68,(anonymous_4)
FN:111,(anonymous_5)
FNF:6
FNH:0
FNDA:0,SettingsFeature
FNDA:0,(anonymous_1)
FNDA:0,(anonymous_2)
FNDA:0,(anonymous_3)
FNDA:0,(anonymous_4)
FNDA:0,(anonymous_5)
DA:7,0
DA:8,0
DA:9,0
DA:10,0
DA:13,0
DA:14,0
DA:15,0
DA:18,0
DA:19,0
DA:20,0
DA:21,0
DA:26,0
DA:30,0
DA:31,0
DA:32,0
DA:33,0
DA:38,0
DA:42,0
DA:43,0
DA:46,0
DA:68,0
DA:111,0
LF:22
LH:0
BRDA:42,0,0,0
BRDA:42,0,1,0
BRDA:143,1,0,0
BRDA:143,1,1,0
BRF:4
BRH:0
end_of_record
TN:
SF:src/lib/supabase.ts
FNF:0
FNH:0
DA:3,1
DA:4,1
DA:6,1
LF:3
LH:3
BRF:0
BRH:0
end_of_record
TN:
SF:src/lib/utils.ts
FN:4,cn
FNF:1
FNH:1
FNDA:682,cn
DA:5,682
LF:1
LH:1
BRF:0
BRH:0
end_of_record
TN:
SF:src/pages/Dashboard.tsx
FN:3,Dashboard
FNF:1
FNH:1
FNDA:2,Dashboard
DA:4,2
LF:1
LH:1
BRF:0
BRH:0
end_of_record
TN:
SF:src/pages/DashboardLayout.tsx
FN:3,DashboardLayout
FNF:1
FNH:0
FNDA:0,DashboardLayout
DA:4,0
LF:1
LH:0
BRF:0
BRH:0
end_of_record
TN:
SF:src/pages/DocumentList.tsx
FN:3,DocumentList
FNF:1
FNH:1
FNDA:1,DocumentList
DA:4,1
LF:1
LH:1
BRF:0
BRH:0
end_of_record
TN:
SF:src/pages/Login.tsx
FN:3,Login
FNF:1
FNH:1
FNDA:1,Login
DA:4,1
LF:1
LH:1
BRF:0
BRH:0
end_of_record
TN:
SF:src/pages/Register.tsx
FN:3,Register
FNF:1
FNH:1
FNDA:1,Register
DA:4,1
LF:1
LH:1
BRF:0
BRH:0
end_of_record
TN:
SF:src/pages/Trash.tsx
FN:9,TrashItemRow
FN:25,(anonymous_1)
FN:33,(anonymous_2)
FN:34,(anonymous_3)
FN:60,(anonymous_4)
FN:61,(anonymous_5)
FN:88,Trash
FN:110,(anonymous_7)
FN:114,(anonymous_8)
FN:115,(anonymous_9)
FN:124,(anonymous_10)
FN:125,(anonymous_11)
FN:133,(anonymous_12)
FN:141,(anonymous_13)
FN:143,(anonymous_14)
FN:146,(anonymous_15)
FN:147,(anonymous_16)
FN:150,(anonymous_17)
FN:152,(anonymous_18)
FN:152,(anonymous_19)
FN:153,(anonymous_20)
FN:163,(anonymous_21)
FN:164,(anonymous_22)
FN:167,(anonymous_23)
FN:168,(anonymous_24)
FN:168,(anonymous_25)
FN:171,(anonymous_26)
FN:174,(anonymous_27)
FN:174,(anonymous_28)
FN:187,(anonymous_29)
FN:190,(anonymous_30)
FN:190,(anonymous_31)
FN:200,(anonymous_32)
FN:205,(anonymous_33)
FN:251,(anonymous_34)
FN:256,(anonymous_35)
FN:257,(anonymous_36)
FN:258,(anonymous_37)
FN:259,(anonymous_38)
FN:260,(anonymous_39)
FN:293,(anonymous_40)
FN:305,(anonymous_41)
FN:309,(anonymous_42)
FN:321,(anonymous_43)
FN:329,(anonymous_44)
FN:333,(anonymous_45)
FN:335,(anonymous_46)
FN:355,(anonymous_47)
FN:368,(anonymous_48)
FN:377,(anonymous_49)
FN:392,(anonymous_50)
FN:393,(anonymous_51)
FN:404,(anonymous_52)
FN:405,(anonymous_53)
FN:416,(anonymous_54)
FN:417,(anonymous_55)
FN:428,(anonymous_56)
FN:439,(anonymous_57)
FNF:58
FNH:23
FNDA:18,TrashItemRow
FNDA:0,(anonymous_1)
FNDA:2,(anonymous_2)
FNDA:2,(anonymous_3)
FNDA:1,(anonymous_4)
FNDA:0,(anonymous_5)
FNDA:12,Trash
FNDA:0,(anonymous_7)
FNDA:0,(anonymous_8)
FNDA:0,(anonymous_9)
FNDA:0,(anonymous_10)
FNDA:0,(anonymous_11)
FNDA:0,(anonymous_12)
FNDA:0,(anonymous_13)
FNDA:0,(anonymous_14)
FNDA:18,(anonymous_15)
FNDA:11,(anonymous_16)
FNDA:5,(anonymous_17)
FNDA:6,(anonymous_18)
FNDA:1,(anonymous_19)
FNDA:6,(anonymous_20)
FNDA:2,(anonymous_21)
FNDA:2,(anonymous_22)
FNDA:0,(anonymous_23)
FNDA:0,(anonymous_24)
FNDA:0,(anonymous_25)
FNDA:1,(anonymous_26)
FNDA:2,(anonymous_27)
FNDA:2,(anonymous_28)
FNDA:0,(anonymous_29)
FNDA:0,(anonymous_30)
FNDA:0,(anonymous_31)
FNDA:12,(anonymous_32)
FNDA:0,(anonymous_33)
FNDA:18,(anonymous_34)
FNDA:2,(anonymous_35)
FNDA:0,(anonymous_36)
FNDA:1,(anonymous_37)
FNDA:0,(anonymous_38)
FNDA:0,(anonymous_39)
FNDA:1,(anonymous_40)
FNDA:0,(anonymous_41)
FNDA:0,(anonymous_42)
FNDA:0,(anonymous_43)
FNDA:0,(anonymous_44)
FNDA:0,(anonymous_45)
FNDA:0,(anonymous_46)
FNDA:0,(anonymous_47)
FNDA:1,(anonymous_48)
FNDA:0,(anonymous_49)
FNDA:1,(anonymous_50)
FNDA:0,(anonymous_51)
FNDA:0,(anonymous_52)
FNDA:0,(anonymous_53)
FNDA:0,(anonymous_54)
FNDA:0,(anonymous_55)
FNDA:0,(anonymous_56)
FNDA:0,(anonymous_57)
DA:18,18
DA:25,0
DA:33,2
DA:34,2
DA:60,1
DA:61,0
DA:89,12
DA:90,12
DA:91,12
DA:92,12
DA:93,12
DA:98,12
DA:99,12
DA:100,12
DA:101,12
DA:102,12
DA:105,12
DA:106,12
DA:108,12
DA:110,0
DA:113,12
DA:114,0
DA:116,0
DA:117,0
DA:118,0
DA:119,0
DA:123,12
DA:124,0
DA:126,0
DA:127,0
DA:131,12
DA:134,0
DA:135,0
DA:139,12
DA:141,12
DA:142,0
DA:143,0
DA:146,12
DA:147,18
DA:150,12
DA:151,5
DA:152,6
DA:153,5
DA:154,6
DA:156,6
DA:158,0
DA:163,12
DA:164,2
DA:167,12
DA:168,0
DA:171,12
DA:172,1
DA:173,1
DA:174,2
DA:175,1
DA:176,1
DA:177,1
DA:178,1
DA:179,1
DA:181,0
DA:183,1
DA:187,12
DA:188,0
DA:189,0
DA:190,0
DA:191,0
DA:192,0
DA:193,0
DA:195,0
DA:197,0
DA:200,12
DA:201,12
DA:202,0
DA:206,0
DA:228,12
DA:229,1
DA:240,11
DA:241,0
DA:248,11
DA:252,18
DA:256,2
DA:257,0
DA:258,1
DA:259,0
DA:260,0
DA:269,12
DA:270,0
DA:279,12
DA:293,1
DA:306,0
DA:307,0
DA:308,0
DA:309,0
DA:311,0
DA:312,0
DA:322,0
DA:323,0
DA:330,0
DA:334,0
DA:335,0
DA:355,0
DA:368,1
DA:377,0
DA:392,1
DA:393,0
DA:404,0
DA:405,0
DA:416,0
DA:417,0
DA:428,0
DA:439,0
LF:111
LH:58
BRDA:20,0,0,1
BRDA:20,0,1,17
BRDA:25,1,0,0
BRDA:25,1,1,0
BRDA:31,2,0,1
BRDA:31,2,1,17
BRDA:34,3,0,2
BRDA:34,3,1,0
BRDA:40,4,0,1
BRDA:40,4,1,17
BRDA:49,5,0,1
BRDA:49,5,1,17
BRDA:139,6,0,12
BRDA:139,6,1,12
BRDA:139,6,2,12
BRDA:147,7,0,11
BRDA:147,7,1,7
BRDA:151,8,0,0
BRDA:151,8,1,5
BRDA:154,9,0,6
BRDA:154,9,1,0
BRDA:156,10,0,6
BRDA:156,10,1,0
BRDA:168,11,0,0
BRDA:168,11,1,0
BRDA:201,12,0,0
BRDA:201,12,1,12
BRDA:228,13,0,1
BRDA:228,13,1,11
BRDA:240,14,0,0
BRDA:240,14,1,11
BRDA:269,15,0,0
BRDA:269,15,1,12
BRDA:274,16,0,0
BRDA:274,16,1,0
BRDA:290,17,0,12
BRDA:290,17,1,11
BRDA:301,18,0,12
BRDA:301,18,1,12
BRDA:301,18,2,11
BRDA:303,19,0,11
BRDA:303,19,1,0
BRDA:306,20,0,0
BRDA:306,20,1,0
BRDA:348,21,0,12
BRDA:348,21,1,4
BRDA:352,22,0,1
BRDA:352,22,1,3
BRDA:404,23,0,0
BRDA:404,23,1,0
BRDA:416,24,0,0
BRDA:416,24,1,0
BRDA:423,25,0,1
BRDA:423,25,1,11
BRDA:424,26,0,1
BRDA:424,26,1,11
BRDA:425,27,0,0
BRDA:425,27,1,12
BRDA:434,28,0,1
BRDA:434,28,1,11
BRDA:435,29,0,1
BRDA:435,29,1,11
BRDA:435,30,0,1
BRDA:435,30,1,11
BRDA:436,31,0,1
BRDA:436,31,1,11
BRF:66
BRH:45
end_of_record
